
*** Running vivado
    with args -log pipelined_regfile_4stage.vds -m64 -product Vivado -mode batch -messageDb vivado.pb -notrace -source pipelined_regfile_4stage.tcl



****** Vivado v2022.2 (64-bit)
  **** SW Build 3671981 on Fri Oct 14 05:00:03 MDT 2022
  **** IP Build 3669848 on Fri Oct 14 08:30:02 MDT 2022
    ** Copyright 1986-2022 Xilinx, Inc. All Rights Reserved.

source pipelined_regfile_4stage.tcl -notrace
create_project: Time (s): cpu = 00:00:11 ; elapsed = 00:00:13 . Memory (MB): peak = 399.613 ; gain = 60.812
Command: read_checkpoint -auto_incremental -incremental C:/Users/TO0009NG/SC3050/SC3050_lab3_4_stage_pipeline/SC3050_lab3_4_stage_pipeline.srcs/utils_1/imports/synth_1/pipelined_regfile_4stage.dcp
INFO: [Vivado 12-5825] Read reference checkpoint from C:/Users/TO0009NG/SC3050/SC3050_lab3_4_stage_pipeline/SC3050_lab3_4_stage_pipeline.srcs/utils_1/imports/synth_1/pipelined_regfile_4stage.dcp for incremental synthesis
INFO: [Vivado 12-7989] Please ensure there are no constraint changes
Command: synth_design -top pipelined_regfile_4stage -part xc7s50csga324-2
Starting synth_design
Attempting to get a license for feature 'Synthesis' and/or device 'xc7s50'
INFO: [Common 17-349] Got license for feature 'Synthesis' and/or device 'xc7s50'
INFO: [Designutils 20-5440] No compile time benefit to using incremental synthesis; A full resynthesis will be run
INFO: [Designutils 20-4379] Flow is switching to default flow due to incremental criteria not met. If you would like to alter this behaviour and have the flow terminate instead, please set the following parameter config_implementation {autoIncr.Synth.RejectBehavior Terminate}
INFO: [Synth 8-7079] Multithreading enabled for synth_design using a maximum of 2 processes.
INFO: [Synth 8-7078] Launching helper process for spawning children vivado processes
INFO: [Synth 8-7075] Helper process launched with PID 6204
INFO: [Synth 8-11241] undeclared symbol 'REGCCE', assumed default net type 'wire' [C:/Xilinx/Vivado/2022.2/data/verilog/src/unimacro/BRAM_SINGLE_MACRO.v:2170]
---------------------------------------------------------------------------------
Starting Synthesize : Time (s): cpu = 00:00:09 ; elapsed = 00:00:11 . Memory (MB): peak = 842.188 ; gain = 410.855
---------------------------------------------------------------------------------
INFO: [Synth 8-6157] synthesizing module 'pipelined_regfile_4stage' [C:/Users/TO0009NG/SC3050/Lab3_codes/Lab3_Part1_4_stage_pipeline/pipelined_regfile_4stage.v:4]
INFO: [Synth 8-6157] synthesizing module 'PC1' [C:/Users/TO0009NG/SC3050/Lab3_codes/Lab3_Part1_4_stage_pipeline/PC.v:4]
INFO: [Synth 8-6155] done synthesizing module 'PC1' (0#1) [C:/Users/TO0009NG/SC3050/Lab3_codes/Lab3_Part1_4_stage_pipeline/PC.v:4]
INFO: [Synth 8-6157] synthesizing module 'imemory' [C:/Users/TO0009NG/SC3050/Lab3_codes/Lab3_Part1_4_stage_pipeline/imemory.v:3]
INFO: [Synth 8-3876] $readmem data file 'imem_testw.mem' is read successfully [C:/Users/TO0009NG/SC3050/Lab3_codes/Lab3_Part1_4_stage_pipeline/imemory.v:30]
INFO: [Synth 8-155] case statement is not full and has no default [C:/Users/TO0009NG/SC3050/Lab3_codes/Lab3_Part1_4_stage_pipeline/imemory.v:29]
INFO: [Synth 8-6155] done synthesizing module 'imemory' (0#1) [C:/Users/TO0009NG/SC3050/Lab3_codes/Lab3_Part1_4_stage_pipeline/imemory.v:3]
INFO: [Synth 8-6157] synthesizing module 'control' [C:/Users/TO0009NG/SC3050/Lab3_codes/Lab3_Part1_4_stage_pipeline/control.v:5]
INFO: [Synth 8-6155] done synthesizing module 'control' (0#1) [C:/Users/TO0009NG/SC3050/Lab3_codes/Lab3_Part1_4_stage_pipeline/control.v:5]
INFO: [Synth 8-6157] synthesizing module 'regfile' [C:/Users/TO0009NG/SC3050/Lab3_codes/Lab3_Part1_4_stage_pipeline/regfile.v:5]
INFO: [Synth 8-6155] done synthesizing module 'regfile' (0#1) [C:/Users/TO0009NG/SC3050/Lab3_codes/Lab3_Part1_4_stage_pipeline/regfile.v:5]
INFO: [Synth 8-6157] synthesizing module 'ID_EXE_stage' [C:/Users/TO0009NG/SC3050/Lab3_codes/Lab3_Part1_4_stage_pipeline/ID_EXEstage.v:3]
INFO: [Synth 8-6155] done synthesizing module 'ID_EXE_stage' (0#1) [C:/Users/TO0009NG/SC3050/Lab3_codes/Lab3_Part1_4_stage_pipeline/ID_EXEstage.v:3]
INFO: [Synth 8-6157] synthesizing module 'alu' [C:/Users/TO0009NG/SC3050/Lab3_codes/Lab3_Part1_4_stage_pipeline/alu.v:4]
INFO: [Synth 8-6155] done synthesizing module 'alu' (0#1) [C:/Users/TO0009NG/SC3050/Lab3_codes/Lab3_Part1_4_stage_pipeline/alu.v:4]
INFO: [Synth 8-6157] synthesizing module 'EXE_WB_stage' [C:/Users/TO0009NG/SC3050/Lab3_codes/Lab3_Part1_4_stage_pipeline/EXE_WBstage.v:3]
INFO: [Synth 8-6155] done synthesizing module 'EXE_WB_stage' (0#1) [C:/Users/TO0009NG/SC3050/Lab3_codes/Lab3_Part1_4_stage_pipeline/EXE_WBstage.v:3]
INFO: [Synth 8-6155] done synthesizing module 'pipelined_regfile_4stage' (0#1) [C:/Users/TO0009NG/SC3050/Lab3_codes/Lab3_Part1_4_stage_pipeline/pipelined_regfile_4stage.v:4]
WARNING: [Synth 8-7129] Port data_in[63] in module imemory is either unconnected or has no load
WARNING: [Synth 8-7129] Port data_in[62] in module imemory is either unconnected or has no load
WARNING: [Synth 8-7129] Port data_in[61] in module imemory is either unconnected or has no load
WARNING: [Synth 8-7129] Port data_in[60] in module imemory is either unconnected or has no load
WARNING: [Synth 8-7129] Port data_in[59] in module imemory is either unconnected or has no load
WARNING: [Synth 8-7129] Port data_in[58] in module imemory is either unconnected or has no load
WARNING: [Synth 8-7129] Port data_in[57] in module imemory is either unconnected or has no load
WARNING: [Synth 8-7129] Port data_in[56] in module imemory is either unconnected or has no load
WARNING: [Synth 8-7129] Port data_in[55] in module imemory is either unconnected or has no load
WARNING: [Synth 8-7129] Port data_in[54] in module imemory is either unconnected or has no load
WARNING: [Synth 8-7129] Port data_in[53] in module imemory is either unconnected or has no load
WARNING: [Synth 8-7129] Port data_in[52] in module imemory is either unconnected or has no load
WARNING: [Synth 8-7129] Port data_in[51] in module imemory is either unconnected or has no load
WARNING: [Synth 8-7129] Port data_in[50] in module imemory is either unconnected or has no load
WARNING: [Synth 8-7129] Port data_in[49] in module imemory is either unconnected or has no load
WARNING: [Synth 8-7129] Port data_in[48] in module imemory is either unconnected or has no load
WARNING: [Synth 8-7129] Port data_in[47] in module imemory is either unconnected or has no load
WARNING: [Synth 8-7129] Port data_in[46] in module imemory is either unconnected or has no load
WARNING: [Synth 8-7129] Port data_in[45] in module imemory is either unconnected or has no load
WARNING: [Synth 8-7129] Port data_in[44] in module imemory is either unconnected or has no load
WARNING: [Synth 8-7129] Port data_in[43] in module imemory is either unconnected or has no load
WARNING: [Synth 8-7129] Port data_in[42] in module imemory is either unconnected or has no load
WARNING: [Synth 8-7129] Port data_in[41] in module imemory is either unconnected or has no load
WARNING: [Synth 8-7129] Port data_in[40] in module imemory is either unconnected or has no load
WARNING: [Synth 8-7129] Port data_in[39] in module imemory is either unconnected or has no load
WARNING: [Synth 8-7129] Port data_in[38] in module imemory is either unconnected or has no load
WARNING: [Synth 8-7129] Port data_in[37] in module imemory is either unconnected or has no load
WARNING: [Synth 8-7129] Port data_in[36] in module imemory is either unconnected or has no load
WARNING: [Synth 8-7129] Port data_in[35] in module imemory is either unconnected or has no load
WARNING: [Synth 8-7129] Port data_in[34] in module imemory is either unconnected or has no load
WARNING: [Synth 8-7129] Port data_in[33] in module imemory is either unconnected or has no load
WARNING: [Synth 8-7129] Port data_in[32] in module imemory is either unconnected or has no load
WARNING: [Synth 8-7129] Port fileid in module imemory is either unconnected or has no load
---------------------------------------------------------------------------------
Finished Synthesize : Time (s): cpu = 00:00:13 ; elapsed = 00:00:14 . Memory (MB): peak = 935.438 ; gain = 504.105
---------------------------------------------------------------------------------
---------------------------------------------------------------------------------
Finished Constraint Validation : Time (s): cpu = 00:00:14 ; elapsed = 00:00:16 . Memory (MB): peak = 935.438 ; gain = 504.105
---------------------------------------------------------------------------------
---------------------------------------------------------------------------------
Start Loading Part and Timing Information
---------------------------------------------------------------------------------
Loading part: xc7s50csga324-2
---------------------------------------------------------------------------------
Finished Loading Part and Timing Information : Time (s): cpu = 00:00:14 ; elapsed = 00:00:16 . Memory (MB): peak = 935.438 ; gain = 504.105
---------------------------------------------------------------------------------
INFO: [Device 21-403] Loading part xc7s50csga324-2
---------------------------------------------------------------------------------
Finished RTL Optimization Phase 2 : Time (s): cpu = 00:00:15 ; elapsed = 00:00:16 . Memory (MB): peak = 935.438 ; gain = 504.105
---------------------------------------------------------------------------------
No constraint files found.
---------------------------------------------------------------------------------
Start RTL Component Statistics 
---------------------------------------------------------------------------------
Detailed RTL Component Info : 
+---Adders : 
	   3 Input   64 Bit       Adders := 1     
	   2 Input   64 Bit       Adders := 1     
+---XORs : 
	   2 Input     64 Bit         XORs := 1     
+---Registers : 
	               64 Bit    Registers := 36    
	                5 Bit    Registers := 2     
	                3 Bit    Registers := 1     
+---RAMs : 
	              32K Bit	(1024 X 32 bit)          RAMs := 1     
+---Muxes : 
	   2 Input   64 Bit        Muxes := 3     
	   7 Input   64 Bit        Muxes := 1     
	   2 Input    3 Bit        Muxes := 1     
	   6 Input    3 Bit        Muxes := 1     
	   2 Input    1 Bit        Muxes := 32    
---------------------------------------------------------------------------------
Finished RTL Component Statistics 
---------------------------------------------------------------------------------
---------------------------------------------------------------------------------
Start Part Resource Summary
---------------------------------------------------------------------------------
Part Resources:
DSPs: 120 (col length:60)
BRAMs: 150 (col length: RAMB18 60 RAMB36 30)
---------------------------------------------------------------------------------
Finished Part Resource Summary
---------------------------------------------------------------------------------
No constraint files found.
---------------------------------------------------------------------------------
Start Cross Boundary and Area Optimization
---------------------------------------------------------------------------------
WARNING: [Synth 8-7080] Parallel synthesis criteria is not met
---------------------------------------------------------------------------------
Finished Cross Boundary and Area Optimization : Time (s): cpu = 00:00:30 ; elapsed = 00:00:38 . Memory (MB): peak = 1171.457 ; gain = 740.125
---------------------------------------------------------------------------------
---------------------------------------------------------------------------------
Start ROM, RAM, DSP, Shift Register and Retiming Reporting
---------------------------------------------------------------------------------

Distributed RAM: Preliminary Mapping Report (see note below)
+-------------------------+----------------+-----------+----------------------+---------------+
|Module Name              | RTL Object     | Inference | Size (Depth x Width) | Primitives    | 
+-------------------------+----------------+-----------+----------------------+---------------+
|pipelined_regfile_4stage | im/imemory_reg | Implied   | 1 K x 32             | RAM64M x 176  | 
+-------------------------+----------------+-----------+----------------------+---------------+

Note: The table above is a preliminary report that shows the Distributed RAMs at the current stage of the synthesis flow. Some Distributed RAMs may be reimplemented as non Distributed RAM primitives later in the synthesis flow. Multiple instantiated RAMs are reported only once.
---------------------------------------------------------------------------------
Finished ROM, RAM, DSP, Shift Register and Retiming Reporting
---------------------------------------------------------------------------------
No constraint files found.
---------------------------------------------------------------------------------
Start Timing Optimization
---------------------------------------------------------------------------------
---------------------------------------------------------------------------------
Finished Timing Optimization : Time (s): cpu = 00:00:30 ; elapsed = 00:00:39 . Memory (MB): peak = 1171.457 ; gain = 740.125
---------------------------------------------------------------------------------
---------------------------------------------------------------------------------
Start ROM, RAM, DSP, Shift Register and Retiming Reporting
---------------------------------------------------------------------------------

Distributed RAM: Final Mapping Report
+-------------------------+----------------+-----------+----------------------+---------------+
|Module Name              | RTL Object     | Inference | Size (Depth x Width) | Primitives    | 
+-------------------------+----------------+-----------+----------------------+---------------+
|pipelined_regfile_4stage | im/imemory_reg | Implied   | 1 K x 32             | RAM64M x 176  | 
+-------------------------+----------------+-----------+----------------------+---------------+

---------------------------------------------------------------------------------
Finished ROM, RAM, DSP, Shift Register and Retiming Reporting
---------------------------------------------------------------------------------
---------------------------------------------------------------------------------
Start Technology Mapping
---------------------------------------------------------------------------------
---------------------------------------------------------------------------------
Finished Technology Mapping : Time (s): cpu = 00:00:32 ; elapsed = 00:00:40 . Memory (MB): peak = 1171.457 ; gain = 740.125
---------------------------------------------------------------------------------
---------------------------------------------------------------------------------
Start IO Insertion
---------------------------------------------------------------------------------
---------------------------------------------------------------------------------
Start Flattening Before IO Insertion
---------------------------------------------------------------------------------
---------------------------------------------------------------------------------
Finished Flattening Before IO Insertion
---------------------------------------------------------------------------------
---------------------------------------------------------------------------------
Start Final Netlist Cleanup
---------------------------------------------------------------------------------
---------------------------------------------------------------------------------
Finished Final Netlist Cleanup
---------------------------------------------------------------------------------
---------------------------------------------------------------------------------
Finished IO Insertion : Time (s): cpu = 00:00:40 ; elapsed = 00:00:48 . Memory (MB): peak = 1171.457 ; gain = 740.125
---------------------------------------------------------------------------------
---------------------------------------------------------------------------------
Start Renaming Generated Instances
---------------------------------------------------------------------------------
---------------------------------------------------------------------------------
Finished Renaming Generated Instances : Time (s): cpu = 00:00:40 ; elapsed = 00:00:48 . Memory (MB): peak = 1171.457 ; gain = 740.125
---------------------------------------------------------------------------------
---------------------------------------------------------------------------------
Start Rebuilding User Hierarchy
---------------------------------------------------------------------------------
---------------------------------------------------------------------------------
Finished Rebuilding User Hierarchy : Time (s): cpu = 00:00:40 ; elapsed = 00:00:48 . Memory (MB): peak = 1171.457 ; gain = 740.125
---------------------------------------------------------------------------------
---------------------------------------------------------------------------------
Start Renaming Generated Ports
---------------------------------------------------------------------------------
---------------------------------------------------------------------------------
Finished Renaming Generated Ports : Time (s): cpu = 00:00:40 ; elapsed = 00:00:48 . Memory (MB): peak = 1171.457 ; gain = 740.125
---------------------------------------------------------------------------------
---------------------------------------------------------------------------------
Start Handling Custom Attributes
---------------------------------------------------------------------------------
---------------------------------------------------------------------------------
Finished Handling Custom Attributes : Time (s): cpu = 00:00:40 ; elapsed = 00:00:48 . Memory (MB): peak = 1171.457 ; gain = 740.125
---------------------------------------------------------------------------------
---------------------------------------------------------------------------------
Start Renaming Generated Nets
---------------------------------------------------------------------------------
---------------------------------------------------------------------------------
Finished Renaming Generated Nets : Time (s): cpu = 00:00:40 ; elapsed = 00:00:48 . Memory (MB): peak = 1171.457 ; gain = 740.125
---------------------------------------------------------------------------------
---------------------------------------------------------------------------------
Start Writing Synthesis Report
---------------------------------------------------------------------------------

Report BlackBoxes: 
+-+--------------+----------+
| |BlackBox name |Instances |
+-+--------------+----------+
+-+--------------+----------+

Report Cell Usage: 
+------+-------+------+
|      |Cell   |Count |
+------+-------+------+
|1     |BUFG   |     1|
|2     |CARRY4 |    32|
|3     |LUT1   |     2|
|4     |LUT3   |    63|
|5     |LUT5   |   257|
|6     |LUT6   |  1026|
|7     |MUXF7  |   512|
|8     |MUXF8  |   256|
|9     |RAM64M |     6|
|10    |FDRE   |  2323|
|11    |FDSE   |     3|
|12    |IBUF   |     2|
|13    |OBUF   |   493|
+------+-------+------+

Report Instance Areas: 
+------+---------+-------------+------+
|      |Instance |Module       |Cells |
+------+---------+-------------+------+
|1     |top      |             |  4976|
|2     |  ALU0   |alu          |    80|
|3     |  PIPE1  |ID_EXE_stage |   199|
|4     |  PIPE2  |EXE_WB_stage |   233|
|5     |  RF0    |regfile      |  3840|
|6     |  im     |imemory      |    47|
|7     |  pc     |PC1          |    81|
+------+---------+-------------+------+
---------------------------------------------------------------------------------
Finished Writing Synthesis Report : Time (s): cpu = 00:00:40 ; elapsed = 00:00:48 . Memory (MB): peak = 1171.457 ; gain = 740.125
---------------------------------------------------------------------------------
Synthesis finished with 0 errors, 0 critical warnings and 34 warnings.
Synthesis Optimization Runtime : Time (s): cpu = 00:00:40 ; elapsed = 00:00:48 . Memory (MB): peak = 1171.457 ; gain = 740.125
Synthesis Optimization Complete : Time (s): cpu = 00:00:40 ; elapsed = 00:00:48 . Memory (MB): peak = 1171.457 ; gain = 740.125
INFO: [Project 1-571] Translating synthesized netlist
Netlist sorting complete. Time (s): cpu = 00:00:00 ; elapsed = 00:00:00.057 . Memory (MB): peak = 1171.457 ; gain = 0.000
INFO: [Netlist 29-17] Analyzing 806 Unisim elements for replacement
INFO: [Netlist 29-28] Unisim Transformation completed in 0 CPU seconds
INFO: [Project 1-570] Preparing netlist for logic optimization
INFO: [Opt 31-138] Pushed 0 inverter(s) to 0 load pin(s).
Netlist sorting complete. Time (s): cpu = 00:00:00 ; elapsed = 00:00:00.001 . Memory (MB): peak = 1232.938 ; gain = 0.000
INFO: [Project 1-111] Unisim Transformation Summary:
  A total of 6 instances were transformed.
  RAM64M => RAM64M (RAMD64E(x4)): 6 instances

Synth Design complete, checksum: 12eef3e6
INFO: [Common 17-83] Releasing license: Synthesis
35 Infos, 34 Warnings, 0 Critical Warnings and 0 Errors encountered.
synth_design completed successfully
synth_design: Time (s): cpu = 00:00:45 ; elapsed = 00:00:54 . Memory (MB): peak = 1232.938 ; gain = 808.477
INFO: [Common 17-1381] The checkpoint 'C:/Users/TO0009NG/SC3050/SC3050_lab3_4_stage_pipeline/SC3050_lab3_4_stage_pipeline.runs/synth_1/pipelined_regfile_4stage.dcp' has been generated.
INFO: [runtcl-4] Executing : report_utilization -file pipelined_regfile_4stage_utilization_synth.rpt -pb pipelined_regfile_4stage_utilization_synth.pb
INFO: [Common 17-206] Exiting Vivado at Sat Sep 20 17:36:28 2025...
