
*** Running vivado
    with args -log pipelined_regfile_5stage.vds -m64 -product Vivado -mode batch -messageDb vivado.pb -notrace -source pipelined_regfile_5stage.tcl



****** Vivado v2022.2 (64-bit)
  **** SW Build 3671981 on Fri Oct 14 05:00:03 MDT 2022
  **** IP Build 3669848 on Fri Oct 14 08:30:02 MDT 2022
    ** Copyright 1986-2022 Xilinx, Inc. All Rights Reserved.

source pipelined_regfile_5stage.tcl -notrace
create_project: Time (s): cpu = 00:00:12 ; elapsed = 00:00:16 . Memory (MB): peak = 402.059 ; gain = 76.746
Command: read_checkpoint -auto_incremental -incremental C:/Users/TO0009NG/SC3050/SC3050_lab4/SC3050_lab4.srcs/utils_1/imports/synth_1/pipelined_regfile_5stage.dcp
INFO: [Vivado 12-5825] Read reference checkpoint from C:/Users/TO0009NG/SC3050/SC3050_lab4/SC3050_lab4.srcs/utils_1/imports/synth_1/pipelined_regfile_5stage.dcp for incremental synthesis
INFO: [Vivado 12-7989] Please ensure there are no constraint changes
Command: synth_design -top pipelined_regfile_5stage -part xc7s50csga324-2
Starting synth_design
Attempting to get a license for feature 'Synthesis' and/or device 'xc7s50'
INFO: [Common 17-349] Got license for feature 'Synthesis' and/or device 'xc7s50'
INFO: [Designutils 20-5440] No compile time benefit to using incremental synthesis; A full resynthesis will be run
INFO: [Designutils 20-4379] Flow is switching to default flow due to incremental criteria not met. If you would like to alter this behaviour and have the flow terminate instead, please set the following parameter config_implementation {autoIncr.Synth.RejectBehavior Terminate}
INFO: [Synth 8-7079] Multithreading enabled for synth_design using a maximum of 2 processes.
INFO: [Synth 8-7078] Launching helper process for spawning children vivado processes
INFO: [Synth 8-7075] Helper process launched with PID 816
INFO: [Synth 8-11241] undeclared symbol 'REGCCE', assumed default net type 'wire' [C:/Xilinx/Vivado/2022.2/data/verilog/src/unimacro/BRAM_SINGLE_MACRO.v:2170]
INFO: [Synth 8-11241] undeclared symbol 'writeenable_MEM_WB', assumed default net type 'wire' [C:/Users/TO0009NG/SC3050/Lab4_codes/pipelined_regfile_5stage.v:70]
INFO: [Synth 8-11241] undeclared symbol 'memwrite_ID_EXE', assumed default net type 'wire' [C:/Users/TO0009NG/SC3050/Lab4_codes/pipelined_regfile_5stage.v:80]
INFO: [Synth 8-11241] undeclared symbol 'memtoreg_ID_EXE', assumed default net type 'wire' [C:/Users/TO0009NG/SC3050/Lab4_codes/pipelined_regfile_5stage.v:80]
INFO: [Synth 8-11241] undeclared symbol 'writeenable_ID_EXE', assumed default net type 'wire' [C:/Users/TO0009NG/SC3050/Lab4_codes/pipelined_regfile_5stage.v:80]
INFO: [Synth 8-11241] undeclared symbol 'memwrite_EXE_MEM', assumed default net type 'wire' [C:/Users/TO0009NG/SC3050/Lab4_codes/pipelined_regfile_5stage.v:103]
INFO: [Synth 8-11241] undeclared symbol 'memtoreg_EXE_MEM', assumed default net type 'wire' [C:/Users/TO0009NG/SC3050/Lab4_codes/pipelined_regfile_5stage.v:103]
INFO: [Synth 8-11241] undeclared symbol 'writeenable_EXE_MEM', assumed default net type 'wire' [C:/Users/TO0009NG/SC3050/Lab4_codes/pipelined_regfile_5stage.v:103]
INFO: [Synth 8-11241] undeclared symbol 'memtoreg_MEM_WB', assumed default net type 'wire' [C:/Users/TO0009NG/SC3050/Lab4_codes/pipelined_regfile_5stage.v:110]
---------------------------------------------------------------------------------
Starting Synthesize : Time (s): cpu = 00:00:09 ; elapsed = 00:00:10 . Memory (MB): peak = 842.941 ; gain = 410.301
---------------------------------------------------------------------------------
INFO: [Synth 8-6157] synthesizing module 'pipelined_regfile_5stage' [C:/Users/TO0009NG/SC3050/Lab4_codes/pipelined_regfile_5stage.v:4]
INFO: [Synth 8-6157] synthesizing module 'PC1' [C:/Users/TO0009NG/SC3050/Lab4_codes/PC.v:4]
INFO: [Synth 8-6155] done synthesizing module 'PC1' (0#1) [C:/Users/TO0009NG/SC3050/Lab4_codes/PC.v:4]
INFO: [Synth 8-6157] synthesizing module 'IF_ID_stage' [C:/Users/TO0009NG/SC3050/Lab4_codes/IF_IDstage.v:3]
INFO: [Synth 8-6155] done synthesizing module 'IF_ID_stage' (0#1) [C:/Users/TO0009NG/SC3050/Lab4_codes/IF_IDstage.v:3]
INFO: [Synth 8-6157] synthesizing module 'imemory' [C:/Users/TO0009NG/SC3050/Lab4_codes/imemory.v:3]
INFO: [Synth 8-3876] $readmem data file 'imem_test_ex.mem' is read successfully [C:/Users/TO0009NG/SC3050/Lab4_codes/imemory.v:30]
INFO: [Synth 8-155] case statement is not full and has no default [C:/Users/TO0009NG/SC3050/Lab4_codes/imemory.v:29]
INFO: [Synth 8-6155] done synthesizing module 'imemory' (0#1) [C:/Users/TO0009NG/SC3050/Lab4_codes/imemory.v:3]
INFO: [Synth 8-6157] synthesizing module 'control' [C:/Users/TO0009NG/SC3050/Lab4_codes/control.v:5]
INFO: [Synth 8-6155] done synthesizing module 'control' (0#1) [C:/Users/TO0009NG/SC3050/Lab4_codes/control.v:5]
INFO: [Synth 8-6157] synthesizing module 'regfile' [C:/Users/TO0009NG/SC3050/Lab4_codes/regfile.v:5]
INFO: [Synth 8-6155] done synthesizing module 'regfile' (0#1) [C:/Users/TO0009NG/SC3050/Lab4_codes/regfile.v:5]
INFO: [Synth 8-6157] synthesizing module 'ID_EXE_stage' [C:/Users/TO0009NG/SC3050/Lab4_codes/ID_EXEstage.v:3]
INFO: [Synth 8-6155] done synthesizing module 'ID_EXE_stage' (0#1) [C:/Users/TO0009NG/SC3050/Lab4_codes/ID_EXEstage.v:3]
INFO: [Synth 8-6157] synthesizing module 'alu' [C:/Users/TO0009NG/SC3050/Lab4_codes/alu.v:4]
INFO: [Synth 8-6155] done synthesizing module 'alu' (0#1) [C:/Users/TO0009NG/SC3050/Lab4_codes/alu.v:4]
INFO: [Synth 8-6157] synthesizing module 'EXE_MEM_stage' [C:/Users/TO0009NG/SC3050/Lab4_codes/EXE_MEMstage.v:3]
INFO: [Synth 8-6155] done synthesizing module 'EXE_MEM_stage' (0#1) [C:/Users/TO0009NG/SC3050/Lab4_codes/EXE_MEMstage.v:3]
INFO: [Synth 8-6157] synthesizing module 'dmemory' [C:/Users/TO0009NG/SC3050/Lab4_codes/dmemory.v:3]
INFO: [Synth 8-3876] $readmem data file 'dmem_test_ex.mem' is read successfully [C:/Users/TO0009NG/SC3050/Lab4_codes/dmemory.v:31]
INFO: [Synth 8-155] case statement is not full and has no default [C:/Users/TO0009NG/SC3050/Lab4_codes/dmemory.v:29]
INFO: [Synth 8-6155] done synthesizing module 'dmemory' (0#1) [C:/Users/TO0009NG/SC3050/Lab4_codes/dmemory.v:3]
INFO: [Synth 8-6157] synthesizing module 'MEM_WB_stage' [C:/Users/TO0009NG/SC3050/Lab4_codes/MEM_WBstage.v:3]
INFO: [Synth 8-6155] done synthesizing module 'MEM_WB_stage' (0#1) [C:/Users/TO0009NG/SC3050/Lab4_codes/MEM_WBstage.v:3]
INFO: [Synth 8-6155] done synthesizing module 'pipelined_regfile_5stage' (0#1) [C:/Users/TO0009NG/SC3050/Lab4_codes/pipelined_regfile_5stage.v:4]
WARNING: [Synth 8-7129] Port fileid in module dmemory is either unconnected or has no load
WARNING: [Synth 8-7129] Port data_in[63] in module imemory is either unconnected or has no load
WARNING: [Synth 8-7129] Port data_in[62] in module imemory is either unconnected or has no load
WARNING: [Synth 8-7129] Port data_in[61] in module imemory is either unconnected or has no load
WARNING: [Synth 8-7129] Port data_in[60] in module imemory is either unconnected or has no load
WARNING: [Synth 8-7129] Port data_in[59] in module imemory is either unconnected or has no load
WARNING: [Synth 8-7129] Port data_in[58] in module imemory is either unconnected or has no load
WARNING: [Synth 8-7129] Port data_in[57] in module imemory is either unconnected or has no load
WARNING: [Synth 8-7129] Port data_in[56] in module imemory is either unconnected or has no load
WARNING: [Synth 8-7129] Port data_in[55] in module imemory is either unconnected or has no load
WARNING: [Synth 8-7129] Port data_in[54] in module imemory is either unconnected or has no load
WARNING: [Synth 8-7129] Port data_in[53] in module imemory is either unconnected or has no load
WARNING: [Synth 8-7129] Port data_in[52] in module imemory is either unconnected or has no load
WARNING: [Synth 8-7129] Port data_in[51] in module imemory is either unconnected or has no load
WARNING: [Synth 8-7129] Port data_in[50] in module imemory is either unconnected or has no load
WARNING: [Synth 8-7129] Port data_in[49] in module imemory is either unconnected or has no load
WARNING: [Synth 8-7129] Port data_in[48] in module imemory is either unconnected or has no load
WARNING: [Synth 8-7129] Port data_in[47] in module imemory is either unconnected or has no load
WARNING: [Synth 8-7129] Port data_in[46] in module imemory is either unconnected or has no load
WARNING: [Synth 8-7129] Port data_in[45] in module imemory is either unconnected or has no load
WARNING: [Synth 8-7129] Port data_in[44] in module imemory is either unconnected or has no load
WARNING: [Synth 8-7129] Port data_in[43] in module imemory is either unconnected or has no load
WARNING: [Synth 8-7129] Port data_in[42] in module imemory is either unconnected or has no load
WARNING: [Synth 8-7129] Port data_in[41] in module imemory is either unconnected or has no load
WARNING: [Synth 8-7129] Port data_in[40] in module imemory is either unconnected or has no load
WARNING: [Synth 8-7129] Port data_in[39] in module imemory is either unconnected or has no load
WARNING: [Synth 8-7129] Port data_in[38] in module imemory is either unconnected or has no load
WARNING: [Synth 8-7129] Port data_in[37] in module imemory is either unconnected or has no load
WARNING: [Synth 8-7129] Port data_in[36] in module imemory is either unconnected or has no load
WARNING: [Synth 8-7129] Port data_in[35] in module imemory is either unconnected or has no load
WARNING: [Synth 8-7129] Port data_in[34] in module imemory is either unconnected or has no load
WARNING: [Synth 8-7129] Port data_in[33] in module imemory is either unconnected or has no load
WARNING: [Synth 8-7129] Port data_in[32] in module imemory is either unconnected or has no load
WARNING: [Synth 8-7129] Port fileid in module imemory is either unconnected or has no load
---------------------------------------------------------------------------------
Finished Synthesize : Time (s): cpu = 00:00:13 ; elapsed = 00:00:14 . Memory (MB): peak = 937.262 ; gain = 504.621
---------------------------------------------------------------------------------
---------------------------------------------------------------------------------
Finished Constraint Validation : Time (s): cpu = 00:00:14 ; elapsed = 00:00:16 . Memory (MB): peak = 937.262 ; gain = 504.621
---------------------------------------------------------------------------------
---------------------------------------------------------------------------------
Start Loading Part and Timing Information
---------------------------------------------------------------------------------
Loading part: xc7s50csga324-2
INFO: [Device 21-403] Loading part xc7s50csga324-2
---------------------------------------------------------------------------------
Finished Loading Part and Timing Information : Time (s): cpu = 00:00:14 ; elapsed = 00:00:16 . Memory (MB): peak = 937.262 ; gain = 504.621
---------------------------------------------------------------------------------
---------------------------------------------------------------------------------
Finished RTL Optimization Phase 2 : Time (s): cpu = 00:00:15 ; elapsed = 00:00:16 . Memory (MB): peak = 937.262 ; gain = 504.621
---------------------------------------------------------------------------------
No constraint files found.
---------------------------------------------------------------------------------
Start RTL Component Statistics 
---------------------------------------------------------------------------------
Detailed RTL Component Info : 
+---Adders : 
	   3 Input   64 Bit       Adders := 1     
	   2 Input   64 Bit       Adders := 1     
+---XORs : 
	   2 Input     64 Bit         XORs := 1     
+---Registers : 
	               64 Bit    Registers := 41    
	               32 Bit    Registers := 1     
	                5 Bit    Registers := 3     
	                3 Bit    Registers := 1     
	                1 Bit    Registers := 11    
+---RAMs : 
	              64K Bit	(1024 X 64 bit)          RAMs := 1     
	              32K Bit	(1024 X 32 bit)          RAMs := 1     
+---Muxes : 
	   2 Input   64 Bit        Muxes := 8     
	   7 Input   64 Bit        Muxes := 1     
	   2 Input    5 Bit        Muxes := 1     
	   2 Input    3 Bit        Muxes := 3     
	   8 Input    3 Bit        Muxes := 1     
	   2 Input    1 Bit        Muxes := 42    
	   8 Input    1 Bit        Muxes := 7     
---------------------------------------------------------------------------------
Finished RTL Component Statistics 
---------------------------------------------------------------------------------
---------------------------------------------------------------------------------
Start Part Resource Summary
---------------------------------------------------------------------------------
Part Resources:
DSPs: 120 (col length:60)
BRAMs: 150 (col length: RAMB18 60 RAMB36 30)
---------------------------------------------------------------------------------
Finished Part Resource Summary
---------------------------------------------------------------------------------
No constraint files found.
---------------------------------------------------------------------------------
Start Cross Boundary and Area Optimization
---------------------------------------------------------------------------------
WARNING: [Synth 8-7080] Parallel synthesis criteria is not met
---------------------------------------------------------------------------------
Finished Cross Boundary and Area Optimization : Time (s): cpu = 00:00:41 ; elapsed = 00:00:55 . Memory (MB): peak = 1232.801 ; gain = 800.160
---------------------------------------------------------------------------------
---------------------------------------------------------------------------------
Start ROM, RAM, DSP, Shift Register and Retiming Reporting
---------------------------------------------------------------------------------

Distributed RAM: Preliminary Mapping Report (see note below)
+-------------------------+----------------+-----------+----------------------+---------------+
|Module Name              | RTL Object     | Inference | Size (Depth x Width) | Primitives    | 
+-------------------------+----------------+-----------+----------------------+---------------+
|pipelined_regfile_5stage | im/imemory_reg | Implied   | 1 K x 32             | RAM64M x 176  | 
|pipelined_regfile_5stage | dm/dmemory_reg | Implied   | 1 K x 64             | RAM64M x 352  | 
+-------------------------+----------------+-----------+----------------------+---------------+

Note: The table above is a preliminary report that shows the Distributed RAMs at the current stage of the synthesis flow. Some Distributed RAMs may be reimplemented as non Distributed RAM primitives later in the synthesis flow. Multiple instantiated RAMs are reported only once.
---------------------------------------------------------------------------------
Finished ROM, RAM, DSP, Shift Register and Retiming Reporting
---------------------------------------------------------------------------------
No constraint files found.
---------------------------------------------------------------------------------
Start Timing Optimization
---------------------------------------------------------------------------------
---------------------------------------------------------------------------------
Finished Timing Optimization : Time (s): cpu = 00:00:43 ; elapsed = 00:00:57 . Memory (MB): peak = 1232.801 ; gain = 800.160
---------------------------------------------------------------------------------
---------------------------------------------------------------------------------
Start ROM, RAM, DSP, Shift Register and Retiming Reporting
---------------------------------------------------------------------------------

Distributed RAM: Final Mapping Report
+-------------------------+----------------+-----------+----------------------+---------------+
|Module Name              | RTL Object     | Inference | Size (Depth x Width) | Primitives    | 
+-------------------------+----------------+-----------+----------------------+---------------+
|pipelined_regfile_5stage | im/imemory_reg | Implied   | 1 K x 32             | RAM64M x 176  | 
|pipelined_regfile_5stage | dm/dmemory_reg | Implied   | 1 K x 64             | RAM64M x 352  | 
+-------------------------+----------------+-----------+----------------------+---------------+

---------------------------------------------------------------------------------
Finished ROM, RAM, DSP, Shift Register and Retiming Reporting
---------------------------------------------------------------------------------
---------------------------------------------------------------------------------
Start Technology Mapping
---------------------------------------------------------------------------------
---------------------------------------------------------------------------------
Finished Technology Mapping : Time (s): cpu = 00:00:45 ; elapsed = 00:01:00 . Memory (MB): peak = 1232.801 ; gain = 800.160
---------------------------------------------------------------------------------
---------------------------------------------------------------------------------
Start IO Insertion
---------------------------------------------------------------------------------
---------------------------------------------------------------------------------
Start Flattening Before IO Insertion
---------------------------------------------------------------------------------
---------------------------------------------------------------------------------
Finished Flattening Before IO Insertion
---------------------------------------------------------------------------------
---------------------------------------------------------------------------------
Start Final Netlist Cleanup
---------------------------------------------------------------------------------
---------------------------------------------------------------------------------
Finished Final Netlist Cleanup
---------------------------------------------------------------------------------
---------------------------------------------------------------------------------
Finished IO Insertion : Time (s): cpu = 00:00:54 ; elapsed = 00:01:08 . Memory (MB): peak = 1232.801 ; gain = 800.160
---------------------------------------------------------------------------------
---------------------------------------------------------------------------------
Start Renaming Generated Instances
---------------------------------------------------------------------------------
---------------------------------------------------------------------------------
Finished Renaming Generated Instances : Time (s): cpu = 00:00:54 ; elapsed = 00:01:08 . Memory (MB): peak = 1232.801 ; gain = 800.160
---------------------------------------------------------------------------------
---------------------------------------------------------------------------------
Start Rebuilding User Hierarchy
---------------------------------------------------------------------------------
---------------------------------------------------------------------------------
Finished Rebuilding User Hierarchy : Time (s): cpu = 00:00:54 ; elapsed = 00:01:08 . Memory (MB): peak = 1232.801 ; gain = 800.160
---------------------------------------------------------------------------------
---------------------------------------------------------------------------------
Start Renaming Generated Ports
---------------------------------------------------------------------------------
---------------------------------------------------------------------------------
Finished Renaming Generated Ports : Time (s): cpu = 00:00:54 ; elapsed = 00:01:08 . Memory (MB): peak = 1232.801 ; gain = 800.160
---------------------------------------------------------------------------------
---------------------------------------------------------------------------------
Start Handling Custom Attributes
---------------------------------------------------------------------------------
---------------------------------------------------------------------------------
Finished Handling Custom Attributes : Time (s): cpu = 00:00:54 ; elapsed = 00:01:09 . Memory (MB): peak = 1232.801 ; gain = 800.160
---------------------------------------------------------------------------------
---------------------------------------------------------------------------------
Start Renaming Generated Nets
---------------------------------------------------------------------------------
---------------------------------------------------------------------------------
Finished Renaming Generated Nets : Time (s): cpu = 00:00:54 ; elapsed = 00:01:09 . Memory (MB): peak = 1232.801 ; gain = 800.160
---------------------------------------------------------------------------------
---------------------------------------------------------------------------------
Start Writing Synthesis Report
---------------------------------------------------------------------------------

Report BlackBoxes: 
+-+--------------+----------+
| |BlackBox name |Instances |
+-+--------------+----------+
+-+--------------+----------+

Report Cell Usage: 
+------+---------+------+
|      |Cell     |Count |
+------+---------+------+
|1     |BUFG     |     1|
|2     |CARRY4   |    32|
|3     |LUT2     |    64|
|4     |LUT3     |   142|
|5     |LUT4     |    19|
|6     |LUT5     |   327|
|7     |LUT6     |  1948|
|8     |MUXF7    |   896|
|9     |MUXF8    |   448|
|10    |RAM64M   |   346|
|11    |RAM64X1D |    16|
|12    |FDRE     |  2672|
|13    |IBUF     |     2|
|14    |OBUF     |   885|
+------+---------+------+

Report Instance Areas: 
+------+---------+--------------+------+
|      |Instance |Module        |Cells |
+------+---------+--------------+------+
|1     |top      |              |  7798|
|2     |  ALU0   |alu           |    16|
|3     |  PIPE0  |IF_ID_stage   |    54|
|4     |  PIPE1  |ID_EXE_stage  |   583|
|5     |  PIPE2  |EXE_MEM_stage |   164|
|6     |  PIPE3  |MEM_WB_stage  |   391|
|7     |  RF0    |regfile       |  4748|
|8     |  dm     |dmemory       |   810|
|9     |  im     |imemory       |    80|
|10    |  pc     |PC1           |    64|
+------+---------+--------------+------+
---------------------------------------------------------------------------------
Finished Writing Synthesis Report : Time (s): cpu = 00:00:54 ; elapsed = 00:01:09 . Memory (MB): peak = 1232.801 ; gain = 800.160
---------------------------------------------------------------------------------
Synthesis finished with 0 errors, 0 critical warnings and 35 warnings.
Synthesis Optimization Runtime : Time (s): cpu = 00:00:54 ; elapsed = 00:01:09 . Memory (MB): peak = 1232.801 ; gain = 800.160
Synthesis Optimization Complete : Time (s): cpu = 00:00:54 ; elapsed = 00:01:09 . Memory (MB): peak = 1232.801 ; gain = 800.160
INFO: [Project 1-571] Translating synthesized netlist
Netlist sorting complete. Time (s): cpu = 00:00:00 ; elapsed = 00:00:00.127 . Memory (MB): peak = 1232.801 ; gain = 0.000
INFO: [Netlist 29-17] Analyzing 1738 Unisim elements for replacement
INFO: [Netlist 29-28] Unisim Transformation completed in 1 CPU seconds
INFO: [Project 1-570] Preparing netlist for logic optimization
INFO: [Opt 31-138] Pushed 0 inverter(s) to 0 load pin(s).
Netlist sorting complete. Time (s): cpu = 00:00:00 ; elapsed = 00:00:00.003 . Memory (MB): peak = 1249.676 ; gain = 0.000
INFO: [Project 1-111] Unisim Transformation Summary:
  A total of 362 instances were transformed.
  RAM64M => RAM64M (RAMD64E(x4)): 346 instances
  RAM64X1D => RAM64X1D (RAMD64E(x2)): 16 instances

Synth Design complete, checksum: cb1fd3b3
INFO: [Common 17-83] Releasing license: Synthesis
51 Infos, 35 Warnings, 0 Critical Warnings and 0 Errors encountered.
synth_design completed successfully
synth_design: Time (s): cpu = 00:01:00 ; elapsed = 00:01:16 . Memory (MB): peak = 1249.676 ; gain = 822.777
INFO: [Common 17-1381] The checkpoint 'C:/Users/TO0009NG/SC3050/SC3050_lab4/SC3050_lab4.runs/synth_1/pipelined_regfile_5stage.dcp' has been generated.
INFO: [runtcl-4] Executing : report_utilization -file pipelined_regfile_5stage_utilization_synth.rpt -pb pipelined_regfile_5stage_utilization_synth.pb
INFO: [Common 17-206] Exiting Vivado at Thu Oct 16 17:41:57 2025...
